<?xml version="1.0" encoding="UTF-8"?>
<!-- Generated by org.testng.reporters.JUnitXMLReporter -->
<testsuite ignored="0" hostname="kundan-Lenovo-V520S-08IKL-Desktop" failures="0" tests="2" name="Surefire test" time="14.369" errors="0" timestamp="2025-12-05T12:42:00 IST">
  <testcase classname="testCases.TC002_LoginTest" name="verify_login" time="2.191"/>
  <testcase classname="testCases.TC001_AccountRegistrationTest" name="verify_account_registration" time="2.641"/>
</testsuite> <!-- Surefire test -->
