<?xml version="1.0" encoding="UTF-8"?>
<!-- Generated by org.testng.reporters.JUnitXMLReporter -->
<testsuite ignored="0" hostname="kundan-Lenovo-V520S-08IKL-Desktop" failures="0" tests="6" name="Default test" time="72.977" errors="0" timestamp="2025-12-01T16:21:08 IST">
  <testcase classname="testCases.TC003_LoginDDT" name="verify_LoginDDT" time="4.807"/>
  <testcase classname="testCases.TC003_LoginDDT" name="verify_LoginDDT" time="11.875"/>
  <testcase classname="testCases.TC003_LoginDDT" name="verify_LoginDDT" time="11.538"/>
  <testcase classname="testCases.TC003_LoginDDT" name="verify_LoginDDT" time="11.398"/>
  <testcase classname="testCases.TC003_LoginDDT" name="verify_LoginDDT" time="11.572"/>
  <testcase classname="testCases.TC003_LoginDDT" name="verify_LoginDDT" time="12.516"/>
</testsuite> <!-- Default test -->
