<?xml version="1.0" encoding="UTF-8"?>
<!-- Generated by org.testng.reporters.JUnitXMLReporter -->
<testsuite ignored="0" hostname="kundan-Lenovo-V520S-08IKL-Desktop" failures="0" tests="2" name="Command line test" time="27.02" errors="0" timestamp="2025-12-05T12:55:18 IST">
  <testcase classname="testCases.TC002_LoginTest" name="verify_login" time="8.814"/>
  <testcase classname="testCases.TC001_AccountRegistrationTest" name="verify_account_registration" time="2.736"/>
</testsuite> <!-- Command line test -->
