<?xml version="1.0" encoding="UTF-8"?>
<!-- Generated by org.testng.reporters.JUnitReportReporter -->
<testsuite hostname="kundan-Lenovo-V520S-08IKL-Desktop" failures="0" tests="6" name="testCases.TC003_LoginDDT" time="62.512" errors="0" timestamp="2025-12-03T14:37:48 IST" skipped="0">
  <testcase classname="testCases.TC003_LoginDDT" name="verify_LoginDDT" time="11.882"/>
  <testcase classname="testCases.TC003_LoginDDT" name="verify_LoginDDT" time="5.670"/>
  <testcase classname="testCases.TC003_LoginDDT" name="verify_LoginDDT" time="11.562"/>
  <testcase classname="testCases.TC003_LoginDDT" name="verify_LoginDDT" time="11.404"/>
  <testcase classname="testCases.TC003_LoginDDT" name="verify_LoginDDT" time="10.896"/>
  <testcase classname="testCases.TC003_LoginDDT" name="verify_LoginDDT" time="11.098"/>
</testsuite> <!-- testCases.TC003_LoginDDT -->
